<?xml version="1.0" encoding="UTF-8"?>
<!-- Generated by org.testng.reporters.JUnitReportReporter -->
<testsuite hostname="DESKTOP-SGR7VCR" failures="0" tests="2" name="tests.LoginTest" time="6.319" errors="0" timestamp="2023-01-05T21:35:52 EET" skipped="0">
  <testcase classname="tests.LoginTest" name="validLoginTest" time="4.363"/>
  <system-out/>
  <testcase classname="tests.LoginTest" name="invalidLoginTest" time="1.956"/>
  <system-out/>
</testsuite> <!-- tests.LoginTest -->
