<?xml version="1.0" encoding="UTF-8"?>
<!-- Generated by org.testng.reporters.JUnitReportReporter -->
<testsuite hostname="DESKTOP-SGR7VCR" failures="0" tests="1" name="tests.WhishlistTest" time="3.436" errors="0" timestamp="2023-01-21T03:10:46 EET" skipped="0">
  <testcase classname="tests.WhishlistTest" name="wishListTest" time="3.436"/>
  <system-out/>
</testsuite> <!-- tests.WhishlistTest -->
