<?xml version="1.0" encoding="UTF-8"?>
<!-- Generated by org.testng.reporters.JUnitReportReporter -->
<testsuite hostname="DESKTOP-SGR7VCR" failures="0" tests="1" name="tests.CannotPostOrderWithoutBillingAddressTest" time="7.213" errors="0" timestamp="2023-01-05T21:35:52 EET" skipped="0">
  <testcase classname="tests.CannotPostOrderWithoutBillingAddressTest" name="cannotOrderWithoutBillingAddressTest" time="7.213"/>
  <system-out/>
</testsuite> <!-- tests.CannotPostOrderWithoutBillingAddressTest -->
