<?xml version="1.0" encoding="UTF-8"?>
<!-- Generated by org.testng.reporters.JUnitReportReporter -->
<testsuite hostname="DESKTOP-SGR7VCR" failures="0" tests="1" name="tests.E2ETest" time="8.968" errors="0" timestamp="2023-01-18T23:40:10 EET" skipped="0">
  <testcase classname="tests.E2ETest" name="endToEndTest" time="8.968"/>
  <system-out/>
</testsuite> <!-- tests.E2ETest -->
