<?xml version="1.0" encoding="UTF-8"?>
<!-- Generated by org.testng.reporters.JUnitReportReporter -->
<testsuite hostname="DESKTOP-SGR7VCR" failures="0" tests="1" name="tests.SmokeTest" time="10.690" errors="0" timestamp="2023-01-20T02:05:44 EET" skipped="0">
  <testcase classname="tests.SmokeTest" name="smokeTest" time="10.690"/>
  <system-out/>
</testsuite> <!-- tests.SmokeTest -->
